<?xml version="1.0" encoding="UTF-8"?>
<testng-results ignored="0" total="1" passed="1" failed="0" skipped="0">
  <reporter-output>
  </reporter-output>
  <suite started-at="2025-10-21T21:49:22 EEST" name="JPetStore Automation Suite" finished-at="2025-10-21T21:49:22 EEST" duration-ms="105">
    <groups>
    </groups>
    <test started-at="2025-10-21T21:49:22 EEST" name="Regression Tests" finished-at="2025-10-21T21:49:22 EEST" duration-ms="105">
      <class name="Tests.VX">
        <test-method signature="H1()[pri:0, instance:Tests.VX@5ae50ce6]" started-at="2025-10-21T21:49:22 EEST" name="H1" finished-at="2025-10-21T21:49:22 EEST" duration-ms="10" status="PASS">
          <reporter-output>
          </reporter-output>
        </test-method> <!-- H1 -->
      </class> <!-- Tests.VX -->
    </test> <!-- Regression Tests -->
  </suite> <!-- JPetStore Automation Suite -->
</testng-results>
