<?xml version="1.0" encoding="UTF-8"?>
<testng-results ignored="0" total="1" passed="1" failed="0" skipped="0">
  <reporter-output>
  </reporter-output>
  <suite started-at="2025-10-21T22:03:09 EEST" name="JPetStore Automation Suite" finished-at="2025-10-21T22:03:16 EEST" duration-ms="6899">
    <groups>
    </groups>
    <test started-at="2025-10-21T22:03:09 EEST" name="Regression Tests" finished-at="2025-10-21T22:03:16 EEST" duration-ms="6899">
      <class name="Tests.VX">
        <test-method is-config="true" signature="Start()[pri:0, instance:Tests.VX@3bb9a3ff]" started-at="2025-10-21T22:03:10 EEST" name="Start" finished-at="2025-10-21T22:03:16 EEST" duration-ms="6571" status="PASS">
          <reporter-output>
          </reporter-output>
        </test-method> <!-- Start -->
        <test-method signature="H1()[pri:0, instance:Tests.VX@3bb9a3ff]" started-at="2025-10-21T22:03:16 EEST" name="H1" finished-at="2025-10-21T22:03:16 EEST" duration-ms="241" status="PASS">
          <reporter-output>
          </reporter-output>
        </test-method> <!-- H1 -->
        <test-method is-config="true" signature="End()[pri:0, instance:Tests.VX@3bb9a3ff]" started-at="2025-10-21T22:03:16 EEST" name="End" finished-at="2025-10-21T22:03:16 EEST" duration-ms="2" status="PASS">
          <reporter-output>
          </reporter-output>
        </test-method> <!-- End -->
      </class> <!-- Tests.VX -->
    </test> <!-- Regression Tests -->
  </suite> <!-- JPetStore Automation Suite -->
</testng-results>
